<?xml version="1.0" encoding="UTF-8"?>
<testsuite xmlns:xsi="http://www.w3.org/2001/XMLSchema-instance" xsi:noNamespaceSchemaLocation="https://maven.apache.org/surefire/maven-surefire-plugin/xsd/surefire-test-report.xsd" name="TestSuite" time="30.624" tests="2" errors="0" skipped="0" failures="2">
  <properties>
[...]
</properties>
  <testcase name="fillForm" classname="uk.co.policyexpert.HomeEnquiryFormTest" time="5.395">
    <failure message="Cannot locate option with text: March&#10;For documentation on this error, please visit: https://selenium.dev/exceptions/#no_such_element&#10;Build info: version: &apos;4.0.0&apos;, revision: &apos;3a21814679&apos;&#10;System info: host: &apos;C02XD5ANJG5J&apos;, ip: &apos;192.168.0.14&apos;, os.name: &apos;Mac OS X&apos;, os.arch: &apos;x86_64&apos;, os.version: &apos;11.5.2&apos;, java.version: &apos;17.0.1&apos;&#10;Driver info: driver.version: unknown" type="org.openqa.selenium.NoSuchElementException">org.openqa.selenium.NoSuchElementException: 
Cannot locate option with text: March
For documentation on this error, please visit: https://selenium.dev/exceptions/#no_such_element
Build info: version: '4.0.0', revision: '3a21814679'
System info: host: 'C02XD5ANJG5J', ip: '192.168.0.14', os.name: 'Mac OS X', os.arch: 'x86_64', os.version: '11.5.2', java.version: '17.0.1'
Driver info: driver.version: unknown
	at uk.co.policyexpert.HomeEnquiryFormTest.fillForm(HomeEnquiryFormTest.java:24)
</failure>
    <system-out><![CDATA[Test starts Running in Google chrome browser.
]]></system-out>
    <system-err><![CDATA[SLF4J: Failed to load class "org.slf4j.impl.StaticLoggerBinder".
SLF4J: Defaulting to no-operation (NOP) logger implementation
SLF4J: See http://www.slf4j.org/codes.html#StaticLoggerBinder for further details.
Starting ChromeDriver 96.0.4664.45 (76e4c1bb2ab4671b8beba3444e61c0f17584b2fc-refs/branch-heads/4664@{#947}) on port 64640
Only local connections are allowed.
Please see https://chromedriver.chromium.org/security-considerations for suggestions on keeping ChromeDriver safe.
ChromeDriver was started successfully.
[1643028736.808][WARNING]: This version of ChromeDriver has not been tested with Chrome version 97.
Jan 24, 2022 12:52:17 PM org.openqa.selenium.remote.ProtocolHandshake createSession
INFO: Detected dialect: W3C
Jan 24, 2022 12:52:17 PM org.openqa.selenium.devtools.CdpVersionFinder findNearestMatch
WARNING: Unable to find an exact match for CDP version 97, so returning the closest version found: 95
Jan 24, 2022 12:52:17 PM org.openqa.selenium.devtools.CdpVersionFinder findNearestMatch
INFO: Found CDP implementation for version 97 of 95
]]></system-err>
  </testcase>
  <testcase name="fillForm" classname="uk.co.policyexpert.HomeEnquiryFormTest" time="1.184">
    <failure message="Cannot locate option with text: March&#10;For documentation on this error, please visit: https://selenium.dev/exceptions/#no_such_element&#10;Build info: version: &apos;4.0.0&apos;, revision: &apos;3a21814679&apos;&#10;System info: host: &apos;C02XD5ANJG5J&apos;, ip: &apos;192.168.0.14&apos;, os.name: &apos;Mac OS X&apos;, os.arch: &apos;x86_64&apos;, os.version: &apos;11.5.2&apos;, java.version: &apos;17.0.1&apos;&#10;Driver info: driver.version: unknown" type="org.openqa.selenium.NoSuchElementException">org.openqa.selenium.NoSuchElementException: 
Cannot locate option with text: March
For documentation on this error, please visit: https://selenium.dev/exceptions/#no_such_element
Build info: version: '4.0.0', revision: '3a21814679'
System info: host: 'C02XD5ANJG5J', ip: '192.168.0.14', os.name: 'Mac OS X', os.arch: 'x86_64', os.version: '11.5.2', java.version: '17.0.1'
Driver info: driver.version: unknown
	at uk.co.policyexpert.HomeEnquiryFormTest.fillForm(HomeEnquiryFormTest.java:24)
</failure>
    <system-out><![CDATA[Driver closed
Test starts Running In Firefox browser.
]]></system-out>
    <system-err><![CDATA[1643028748591	geckodriver	INFO	Listening on 127.0.0.1:52261
1643028749680	mozrunner::runner	INFO	Running command: "/Applications/Firefox.app/Contents/MacOS/firefox-bin" "--marionette" "--remote-debugging-port" "59501" "-foreground" "-no-remote" "-profile" "/var/folders/4s/9sq7v_0n75lbmvvj4m0f7wqc_5ql0z/T/rust_mozprofilerPg3l7"
/Applications/Firefox.app/Contents/Resources/defaults/pref/all.js:2: prefs parse error: unexpected character
1643028751057	Marionette	INFO	Marionette enabled
2022-01-24 12:52:33.135 firefox-bin[82739:11815336] Warning: Expected min height of view: (<NSButton: 0x12c216400>) to be less than or equal to 30 but got a height of 32.000000. This error will be logged once per view in violation.
2022-01-24 12:52:33.136 firefox-bin[82739:11815336] Warning: Expected min height of view: (<NSButton: 0x12c217000>) to be less than or equal to 30 but got a height of 32.000000. This error will be logged once per view in violation.
2022-01-24 12:52:33.137 firefox-bin[82739:11815336] Warning: Expected min height of view: (<NSButton: 0x12c214c00>) to be less than or equal to 30 but got a height of 32.000000. This error will be logged once per view in violation.
2022-01-24 12:52:33.139 firefox-bin[82739:11815336] Warning: Expected min height of view: (<NSButton: 0x12c217c00>) to be less than or equal to 30 but got a height of 32.000000. This error will be logged once per view in violation.
2022-01-24 12:52:33.140 firefox-bin[82739:11815336] Warning: Expected min height of view: (<NSButton: 0x12c218000>) to be less than or equal to 30 but got a height of 32.000000. This error will be logged once per view in violation.
2022-01-24 12:52:33.141 firefox-bin[82739:11815336] Warning: Expected min height of view: (<NSPopoverTouchBarItemButton: 0x12c21a400>) to be less than or equal to 30 but got a height of 32.000000. This error will be logged once per view in violation.
2022-01-24 12:52:33.143 firefox-bin[82739:11815336] Warning: Expected min height of view: (<NSPopoverTouchBarItemButton: 0x12c580c00>) to be less than or equal to 30 but got a height of 32.000000. This error will be logged once per view in violation.
console.warn: SearchSettings: "get: No settings file exists, new profile?" (new NotFoundError("Could not open the file at /var/folders/4s/9sq7v_0n75lbmvvj4m0f7wqc_5ql0z/T/rust_mozprofilerPg3l7/search.json.mozlz4", (void 0)))
console.error: BackgroundUpdate: 
  _reasonsToNotScheduleUpdates: Failed to check for Maintenance Service Registry Key: [Exception... "Component returned failure code: 0x80004001 (NS_ERROR_NOT_IMPLEMENTED) [nsIUpdateProcessor.getServiceRegKeyExists]"  nsresult: "0x80004001 (NS_ERROR_NOT_IMPLEMENTED)"  location: "JS frame :: resource://gre/modules/BackgroundUpdate.jsm :: _reasonsToNotScheduleUpdates :: line 243"  data: no]
DevTools listening on ws://localhost:59501/devtools/browser/34e9e6b7-8c3a-dc4a-bf59-c6f4b4f65545
1643028755532	Marionette	INFO	Listening on port 63602
1643028755630	RemoteAgent	WARN	TLS certificate errors will be ignored for this session
Jan 24, 2022 12:52:35 PM org.openqa.selenium.remote.ProtocolHandshake createSession
INFO: Detected dialect: W3C
1643028756619	Marionette	WARN	Ignoring event 'DOMContentLoaded' because document has an invalid readyState of 'complete'.
]]></system-err>
  </testcase>
</testsuite>