<?xml version="1.0" encoding="UTF-8"?>
<testsuite xmlns:xsi="http://www.w3.org/2001/XMLSchema-instance" xsi:noNamespaceSchemaLocation="https://maven.apache.org/surefire/maven-surefire-plugin/xsd/surefire-test-report.xsd" name="TestSuite" time="38.955" tests="3" errors="0" skipped="0" failures="0">
  <properties>
[...]
</properties>
  <testcase name="fillHomeInsuranceEnquiryForm" classname="uk.co.policyexpert.HomeEnquiryFormTest" time="4.497"/>
  <testcase name="fillHomeInsuranceEnquiryForm" classname="uk.co.policyexpert.HomeEnquiryFormTest" time="3.707"/>
  <testcase name="fillHomeInsuranceEnquiryForm" classname="uk.co.policyexpert.HomeEnquiryFormTest" time="2.453"/>
</testsuite>