<?xml version="1.0" encoding="UTF-8"?>
<testng-results ignored="0" total="3" passed="3" failed="0" skipped="0">
  <reporter-output>
    <line>
      <![CDATA[Test starts running in google chrome browser.]]>
    </line>
    <line>
      <![CDATA[/Users/benedict.idonije/git/policy-expert-project]]>
    </line>
    <line>
      <![CDATA[Driver closed]]>
    </line>
    <line>
      <![CDATA[Test starts running in firefox browser.]]>
    </line>
    <line>
      <![CDATA[Driver closed]]>
    </line>
    <line>
      <![CDATA[Test starts running in microsoft edge.]]>
    </line>
    <line>
      <![CDATA[Driver closed]]>
    </line>
  </reporter-output>
  <suite started-at="2022-01-25T20:06:55 GMT" name="Home Insurance" finished-at="2022-01-25T20:07:34 GMT" duration-ms="39128">
    <groups>
    </groups>
    <test started-at="2022-01-25T20:06:55 GMT" name="Home insurance enquiry form running on chrome browser" finished-at="2022-01-25T20:07:09 GMT" duration-ms="13825">
      <class name="uk.co.policyexpert.HomeEnquiryFormTest">
        <test-method is-config="true" signature="setUp(java.lang.String, java.lang.String)[pri:0, instance:uk.co.policyexpert.HomeEnquiryFormTest@1a38c59b]" started-at="2022-01-25T20:06:55 GMT" name="setUp" finished-at="2022-01-25T20:07:04 GMT" duration-ms="8655" status="PASS">
          <params>
            <param index="0">
              <value>
                <![CDATA[chrome]]>
              </value>
            </param>
            <param index="1">
              <value>
                <![CDATA[https://insurance.policyexpert.co.uk/home]]>
              </value>
            </param>
          </params>
          <reporter-output>
            <line>
              <![CDATA[Test starts running in google chrome browser.]]>
            </line>
            <line>
              <![CDATA[/Users/benedict.idonije/git/policy-expert-project]]>
            </line>
          </reporter-output>
        </test-method> <!-- setUp -->
        <test-method signature="fillHomeInsuranceEnquiryForm(java.lang.String, java.lang.String, java.lang.String, java.lang.String, java.lang.String, java.lang.String, java.lang.String, java.lang.String, java.lang.String, java.lang.String, java.lang.String)[pri:0, instance:uk.co.policyexpert.HomeEnquiryFormTest@1a38c59b]" started-at="2022-01-25T20:07:04 GMT" name="fillHomeInsuranceEnquiryForm" finished-at="2022-01-25T20:07:09 GMT" duration-ms="4863" status="PASS">
          <params>
            <param index="0">
              <value>
                <![CDATA[Dr]]>
              </value>
            </param>
            <param index="1">
              <value>
                <![CDATA[Doni]]>
              </value>
            </param>
            <param index="2">
              <value>
                <![CDATA[Jonah]]>
              </value>
            </param>
            <param index="3">
              <value>
                <![CDATA[14]]>
              </value>
            </param>
            <param index="4">
              <value>
                <![CDATA[October]]>
              </value>
            </param>
            <param index="5">
              <value>
                <![CDATA[1980]]>
              </value>
            </param>
            <param index="6">
              <value>
                <![CDATA[Married]]>
              </value>
            </param>
            <param index="7">
              <value>
                <![CDATA[Software Engineer]]>
              </value>
            </param>
            <param index="8">
              <value>
                <![CDATA[07949409678]]>
              </value>
            </param>
            <param index="9">
              <value>
                <![CDATA[doni.jonah202@mailinator.com]]>
              </value>
            </param>
            <param index="10">
              <value>
                <![CDATA[42 Marlborough Buildings Hatfield Road St. Albans AL1 3RW]]>
              </value>
            </param>
          </params>
          <reporter-output>
          </reporter-output>
        </test-method> <!-- fillHomeInsuranceEnquiryForm -->
        <test-method is-config="true" signature="quitDrver()[pri:0, instance:uk.co.policyexpert.HomeEnquiryFormTest@1a38c59b]" started-at="2022-01-25T20:07:09 GMT" name="quitDrver" finished-at="2022-01-25T20:07:09 GMT" duration-ms="241" status="PASS">
          <reporter-output>
            <line>
              <![CDATA[Driver closed]]>
            </line>
          </reporter-output>
        </test-method> <!-- quitDrver -->
      </class> <!-- uk.co.policyexpert.HomeEnquiryFormTest -->
    </test> <!-- Home insurance enquiry form running on chrome browser -->
    <test started-at="2022-01-25T20:07:09 GMT" name="Home insurance enquiry form running on firefox browser" finished-at="2022-01-25T20:07:24 GMT" duration-ms="15196">
      <class name="uk.co.policyexpert.HomeEnquiryFormTest">
        <test-method is-config="true" signature="setUp(java.lang.String, java.lang.String)[pri:0, instance:uk.co.policyexpert.HomeEnquiryFormTest@40e6dfe1]" started-at="2022-01-25T20:07:09 GMT" name="setUp" finished-at="2022-01-25T20:07:19 GMT" duration-ms="9728" status="PASS">
          <params>
            <param index="0">
              <value>
                <![CDATA[firefox]]>
              </value>
            </param>
            <param index="1">
              <value>
                <![CDATA[https://insurance.policyexpert.co.uk/home]]>
              </value>
            </param>
          </params>
          <reporter-output>
            <line>
              <![CDATA[Test starts running in firefox browser.]]>
            </line>
          </reporter-output>
        </test-method> <!-- setUp -->
        <test-method signature="fillHomeInsuranceEnquiryForm(java.lang.String, java.lang.String, java.lang.String, java.lang.String, java.lang.String, java.lang.String, java.lang.String, java.lang.String, java.lang.String, java.lang.String, java.lang.String)[pri:0, instance:uk.co.policyexpert.HomeEnquiryFormTest@40e6dfe1]" started-at="2022-01-25T20:07:19 GMT" name="fillHomeInsuranceEnquiryForm" finished-at="2022-01-25T20:07:24 GMT" duration-ms="4738" status="PASS">
          <params>
            <param index="0">
              <value>
                <![CDATA[Mr]]>
              </value>
            </param>
            <param index="1">
              <value>
                <![CDATA[Peter]]>
              </value>
            </param>
            <param index="2">
              <value>
                <![CDATA[Morgan]]>
              </value>
            </param>
            <param index="3">
              <value>
                <![CDATA[11]]>
              </value>
            </param>
            <param index="4">
              <value>
                <![CDATA[March]]>
              </value>
            </param>
            <param index="5">
              <value>
                <![CDATA[1985]]>
              </value>
            </param>
            <param index="6">
              <value>
                <![CDATA[Single]]>
              </value>
            </param>
            <param index="7">
              <value>
                <![CDATA[Project Manager]]>
              </value>
            </param>
            <param index="8">
              <value>
                <![CDATA[07949409678]]>
              </value>
            </param>
            <param index="9">
              <value>
                <![CDATA[peter.morgan909@mailinator.com]]>
              </value>
            </param>
            <param index="10">
              <value>
                <![CDATA[18 Cleveland Road Bournemouth BH1 4QD]]>
              </value>
            </param>
          </params>
          <reporter-output>
          </reporter-output>
        </test-method> <!-- fillHomeInsuranceEnquiryForm -->
        <test-method is-config="true" signature="quitDrver()[pri:0, instance:uk.co.policyexpert.HomeEnquiryFormTest@40e6dfe1]" started-at="2022-01-25T20:07:24 GMT" name="quitDrver" finished-at="2022-01-25T20:07:24 GMT" duration-ms="729" status="PASS">
          <reporter-output>
            <line>
              <![CDATA[Driver closed]]>
            </line>
          </reporter-output>
        </test-method> <!-- quitDrver -->
      </class> <!-- uk.co.policyexpert.HomeEnquiryFormTest -->
    </test> <!-- Home insurance enquiry form running on firefox browser -->
    <test started-at="2022-01-25T20:07:24 GMT" name="Home insurance enquiry form running microsoft edge browser" finished-at="2022-01-25T20:07:34 GMT" duration-ms="10026">
      <class name="uk.co.policyexpert.HomeEnquiryFormTest">
        <test-method is-config="true" signature="setUp(java.lang.String, java.lang.String)[pri:0, instance:uk.co.policyexpert.HomeEnquiryFormTest@7d68ef40]" started-at="2022-01-25T20:07:24 GMT" name="setUp" finished-at="2022-01-25T20:07:31 GMT" duration-ms="6692" status="PASS">
          <params>
            <param index="0">
              <value>
                <![CDATA[edge]]>
              </value>
            </param>
            <param index="1">
              <value>
                <![CDATA[https://insurance.policyexpert.co.uk/home]]>
              </value>
            </param>
          </params>
          <reporter-output>
            <line>
              <![CDATA[Test starts running in microsoft edge.]]>
            </line>
          </reporter-output>
        </test-method> <!-- setUp -->
        <test-method signature="fillHomeInsuranceEnquiryForm(java.lang.String, java.lang.String, java.lang.String, java.lang.String, java.lang.String, java.lang.String, java.lang.String, java.lang.String, java.lang.String, java.lang.String, java.lang.String)[pri:0, instance:uk.co.policyexpert.HomeEnquiryFormTest@7d68ef40]" started-at="2022-01-25T20:07:31 GMT" name="fillHomeInsuranceEnquiryForm" finished-at="2022-01-25T20:07:34 GMT" duration-ms="3136" status="PASS">
          <params>
            <param index="0">
              <value>
                <![CDATA[Miss]]>
              </value>
            </param>
            <param index="1">
              <value>
                <![CDATA[Jon]]>
              </value>
            </param>
            <param index="2">
              <value>
                <![CDATA[Francis]]>
              </value>
            </param>
            <param index="3">
              <value>
                <![CDATA[2]]>
              </value>
            </param>
            <param index="4">
              <value>
                <![CDATA[February]]>
              </value>
            </param>
            <param index="5">
              <value>
                <![CDATA[1970]]>
              </value>
            </param>
            <param index="6">
              <value>
                <![CDATA[Divorced]]>
              </value>
            </param>
            <param index="7">
              <value>
                <![CDATA[Property Developer]]>
              </value>
            </param>
            <param index="8">
              <value>
                <![CDATA[07949409678]]>
              </value>
            </param>
            <param index="9">
              <value>
                <![CDATA[jon.francis709@mailinator.com]]>
              </value>
            </param>
            <param index="10">
              <value>
                <![CDATA[16 Cleveland Road Bradford BD9 4PB]]>
              </value>
            </param>
          </params>
          <reporter-output>
          </reporter-output>
        </test-method> <!-- fillHomeInsuranceEnquiryForm -->
        <test-method is-config="true" signature="quitDrver()[pri:0, instance:uk.co.policyexpert.HomeEnquiryFormTest@7d68ef40]" started-at="2022-01-25T20:07:34 GMT" name="quitDrver" finished-at="2022-01-25T20:07:34 GMT" duration-ms="196" status="PASS">
          <reporter-output>
            <line>
              <![CDATA[Driver closed]]>
            </line>
          </reporter-output>
        </test-method> <!-- quitDrver -->
      </class> <!-- uk.co.policyexpert.HomeEnquiryFormTest -->
    </test> <!-- Home insurance enquiry form running microsoft edge browser -->
  </suite> <!-- Home Insurance -->
</testng-results>
