<?xml version="1.0" encoding="UTF-8"?>
<!-- Generated by org.testng.reporters.JUnitXMLReporter -->
<testsuite ignored="0" hostname="C02XD5ANJG5J" failures="1" tests="1" name="Hudl login running on firefox browser" time="12.926" errors="0" timestamp="2022-01-24T12:52:41 GMT">
  <testcase classname="uk.co.policyexpert.HomeEnquiryFormTest" name="fillForm" time="1.183">
    <failure type="org.openqa.selenium.NoSuchElementException" message="Cannot locate option with text: March
For documentation on this error, please visit: https://selenium.dev/exceptions/#no_such_element
Build info: version: &amp;apos;4.0.0&amp;apos;, revision: &amp;apos;3a21814679&amp;apos;
System info: host: &amp;apos;C02XD5ANJG5J&amp;apos;, ip: &amp;apos;192.168.0.14&amp;apos;, os.name: &amp;apos;Mac OS X&amp;apos;, os.arch: &amp;apos;x86_64&amp;apos;, os.version: &amp;apos;11.5.2&amp;apos;, java.version: &amp;apos;17.0.1&amp;apos;
Driver info: driver.version: unknown">
      <![CDATA[org.openqa.selenium.NoSuchElementException: Cannot locate option with text: March
For documentation on this error, please visit: https://selenium.dev/exceptions/#no_such_element
Build info: version: '4.0.0', revision: '3a21814679'
System info: host: 'C02XD5ANJG5J', ip: '192.168.0.14', os.name: 'Mac OS X', os.arch: 'x86_64', os.version: '11.5.2', java.version: '17.0.1'
Driver info: driver.version: unknown
at org.openqa.selenium.support.ui.Select.selectByVisibleText(Select.java:151)
at uk.co.policyexpert.BasePage.selectFromDropdownByHTMLValueAttribute(BasePage.java:69)
at uk.co.policyexpert.interaction.AboutYouInteraction.selectMonth(AboutYouInteraction.java:61)
at uk.co.policyexpert.interaction.AboutYouInteraction.selectDateBirth(AboutYouInteraction.java:53)
at uk.co.policyexpert.steps.AboutYouSteps.enterAboutDetails(AboutYouSteps.java:21)
at uk.co.policyexpert.HomeEnquiryFormTest.fillForm(HomeEnquiryFormTest.java:24)
at java.base/java.util.ArrayList.forEach(ArrayList.java:1511)
... Removed 31 stack frames]]>
    </failure>
  </testcase> <!-- fillForm -->
</testsuite> <!-- Hudl login running on firefox browser -->
